# JRE version: Java(TM) SE Runtime Environment (8.0_66-b17) (build 1.8.0_66-b17)
# Java VM: Java HotSpot(TM) Client VM (25.66-b17 mixed mode windows-x86 )
Heap:
 def new generation   total 39424K, used 16608K [0x04a00000, 0x074c0000, 0x0f4a0000)
  eden space 35072K,  47% used [0x04a00000, 0x05a38380, 0x06c40000)
  from space 4352K,   0% used [0x06c40000, 0x06c40000, 0x07080000)
  to   space 4352K,   0% used [0x07080000, 0x07080000, 0x074c0000)
 tenured generation   total 87424K, used 14373K [0x0f4a0000, 0x14a00000, 0x24a00000)
   the space 87424K,  16% used [0x0f4a0000, 0x102a9558, 0x102a9600, 0x14a00000)
 Metaspace       used 14371K, capacity 14742K, committed 14848K, reserved 15744K
GC Heap History (6 events):
Event: 0.423 GC heap before
{Heap before GC invocations=0 (full 0):
 def new generation   total 39296K, used 34944K [0x04a00000, 0x074a0000, 0x0f4a0000)
  eden space 34944K, 100% used [0x04a00000, 0x06c20000, 0x06c20000)
  from space 4352K,   0% used [0x06c20000, 0x06c20000, 0x07060000)
  to   space 4352K,   0% used [0x07060000, 0x07060000, 0x074a0000)
 tenured generation   total 87424K, used 0K [0x0f4a0000, 0x14a00000, 0x24a00000)
   the space 87424K,   0% used [0x0f4a0000, 0x0f4a0000, 0x0f4a0200, 0x14a00000)
 Metaspace       used 8071K, capacity 8242K, committed 8320K, reserved 8576K
Event: 0.433 GC heap after
Heap after GC invocations=1 (full 0):
 def new generation   total 39296K, used 4352K [0x04a00000, 0x074a0000, 0x0f4a0000)
  eden space 34944K,   0% used [0x04a00000, 0x04a00000, 0x06c20000)
  from space 4352K, 100% used [0x07060000, 0x074a0000, 0x074a0000)
  to   space 4352K,   0% used [0x06c20000, 0x06c20000, 0x07060000)
 tenured generation   total 87424K, used 1559K [0x0f4a0000, 0x14a00000, 0x24a00000)
   the space 87424K,   1% used [0x0f4a0000, 0x0f625d18, 0x0f625e00, 0x14a00000)
 Metaspace       used 8071K, capacity 8242K, committed 8320K, reserved 8576K
}
Event: 0.766 GC heap before
{Heap before GC invocations=1 (full 0):
 def new generation   total 39296K, used 39296K [0x04a00000, 0x074a0000, 0x0f4a0000)
  eden space 34944K, 100% used [0x04a00000, 0x06c20000, 0x06c20000)
  from space 4352K, 100% used [0x07060000, 0x074a0000, 0x074a0000)
  to   space 4352K,   0% used [0x06c20000, 0x06c20000, 0x07060000)
 tenured generation   total 87424K, used 1559K [0x0f4a0000, 0x14a00000, 0x24a00000)
   the space 87424K,   1% used [0x0f4a0000, 0x0f625d18, 0x0f625e00, 0x14a00000)
 Metaspace       used 11540K, capacity 11860K, committed 11904K, reserved 12672K
Event: 0.779 GC heap after
Heap after GC invocations=2 (full 0):
 def new generation   total 39296K, used 4352K [0x04a00000, 0x074a0000, 0x0f4a0000)
  eden space 34944K,   0% used [0x04a00000, 0x04a00000, 0x06c20000)
  from space 4352K, 100% used [0x06c20000, 0x07060000, 0x07060000)
  to   space 4352K,   0% used [0x07060000, 0x07060000, 0x074a0000)
 tenured generation   total 87424K, used 9074K [0x0f4a0000, 0x14a00000, 0x24a00000)
   the space 87424K,  10% used [0x0f4a0000, 0x0fd7cb48, 0x0fd7cc00, 0x14a00000)
 Metaspace       used 11540K, capacity 11860K, committed 11904K, reserved 12672K
}
Event: 0.967 GC heap before
{Heap before GC invocations=2 (full 0):
 def new generation   total 39296K, used 13631K [0x04a00000, 0x074a0000, 0x0f4a0000)
  eden space 34944K,  26% used [0x04a00000, 0x0530fc88, 0x06c20000)
  from space 4352K, 100% used [0x06c20000, 0x07060000, 0x07060000)
  to   space 4352K,   0% used [0x07060000, 0x07060000, 0x074a0000)
 tenured generation   total 87424K, used 9074K [0x0f4a0000, 0x14a00000, 0x24a00000)
   the space 87424K,  10% used [0x0f4a0000, 0x0fd7cb48, 0x0fd7cc00, 0x14a00000)
 Metaspace       used 11942K, capacity 12264K, committed 12288K, reserved 12672K
Event: 0.988 GC heap after
Heap after GC invocations=3 (full 1):
 def new generation   total 39424K, used 0K [0x04a00000, 0x074c0000, 0x0f4a0000)
  eden space 35072K,   0% used [0x04a00000, 0x04a00000, 0x06c40000)
  from space 4352K,   0% used [0x06c40000, 0x06c40000, 0x07080000)
  to   space 4352K,   0% used [0x07080000, 0x07080000, 0x074c0000)
 tenured generation   total 87424K, used 14373K [0x0f4a0000, 0x14a00000, 0x24a00000)
   the space 87424K,  16% used [0x0f4a0000, 0x102a9558, 0x102a9600, 0x14a00000)
 Metaspace       used 11942K, capacity 12264K, committed 12288K, reserved 12672K
}

