# JRE version: Java(TM) SE Runtime Environment (8.0_66-b17) (build 1.8.0_66-b17)
# Java VM: Java HotSpot(TM) Client VM (25.66-b17 mixed mode windows-x86 )
Heap:
 def new generation   total 39424K, used 13944K [0x04e00000, 0x078c0000, 0x0f8a0000)
  eden space 35072K,  39% used [0x04e00000, 0x05b9e0e8, 0x07040000)
  from space 4352K,   0% used [0x07040000, 0x07040000, 0x07480000)
  to   space 4352K,   0% used [0x07480000, 0x07480000, 0x078c0000)
 tenured generation   total 87424K, used 10969K [0x0f8a0000, 0x14e00000, 0x24e00000)
   the space 87424K,  12% used [0x0f8a0000, 0x103565c0, 0x10356600, 0x14e00000)
 Metaspace       used 14141K, capacity 14515K, committed 14592K, reserved 14720K
GC Heap History (6 events):
Event: 0.430 GC heap before
{Heap before GC invocations=0 (full 0):
 def new generation   total 39296K, used 34944K [0x04e00000, 0x078a0000, 0x0f8a0000)
  eden space 34944K, 100% used [0x04e00000, 0x07020000, 0x07020000)
  from space 4352K,   0% used [0x07020000, 0x07020000, 0x07460000)
  to   space 4352K,   0% used [0x07460000, 0x07460000, 0x078a0000)
 tenured generation   total 87424K, used 0K [0x0f8a0000, 0x14e00000, 0x24e00000)
   the space 87424K,   0% used [0x0f8a0000, 0x0f8a0000, 0x0f8a0200, 0x14e00000)
 Metaspace       used 8163K, capacity 8338K, committed 8448K, reserved 8576K
Event: 0.440 GC heap after
Heap after GC invocations=1 (full 0):
 def new generation   total 39296K, used 4352K [0x04e00000, 0x078a0000, 0x0f8a0000)
  eden space 34944K,   0% used [0x04e00000, 0x04e00000, 0x07020000)
  from space 4352K, 100% used [0x07460000, 0x078a0000, 0x078a0000)
  to   space 4352K,   0% used [0x07020000, 0x07020000, 0x07460000)
 tenured generation   total 87424K, used 1726K [0x0f8a0000, 0x14e00000, 0x24e00000)
   the space 87424K,   1% used [0x0f8a0000, 0x0fa4fb48, 0x0fa4fc00, 0x14e00000)
 Metaspace       used 8163K, capacity 8338K, committed 8448K, reserved 8576K
}
Event: 0.790 GC heap before
{Heap before GC invocations=1 (full 0):
 def new generation   total 39296K, used 39296K [0x04e00000, 0x078a0000, 0x0f8a0000)
  eden space 34944K, 100% used [0x04e00000, 0x07020000, 0x07020000)
  from space 4352K, 100% used [0x07460000, 0x078a0000, 0x078a0000)
  to   space 4352K,   0% used [0x07020000, 0x07020000, 0x07460000)
 tenured generation   total 87424K, used 1726K [0x0f8a0000, 0x14e00000, 0x24e00000)
   the space 87424K,   1% used [0x0f8a0000, 0x0fa4fb48, 0x0fa4fc00, 0x14e00000)
 Metaspace       used 11539K, capacity 11857K, committed 11904K, reserved 12672K
Event: 0.803 GC heap after
Heap after GC invocations=2 (full 0):
 def new generation   total 39296K, used 4352K [0x04e00000, 0x078a0000, 0x0f8a0000)
  eden space 34944K,   0% used [0x04e00000, 0x04e00000, 0x07020000)
  from space 4352K, 100% used [0x07020000, 0x07460000, 0x07460000)
  to   space 4352K,   0% used [0x07460000, 0x07460000, 0x078a0000)
 tenured generation   total 87424K, used 8685K [0x0f8a0000, 0x14e00000, 0x24e00000)
   the space 87424K,   9% used [0x0f8a0000, 0x1011b6d8, 0x1011b800, 0x14e00000)
 Metaspace       used 11539K, capacity 11857K, committed 11904K, reserved 12672K
}
Event: 0.983 GC heap before
{Heap before GC invocations=2 (full 0):
 def new generation   total 39296K, used 12920K [0x04e00000, 0x078a0000, 0x0f8a0000)
  eden space 34944K,  24% used [0x04e00000, 0x0565e3c8, 0x07020000)
  from space 4352K, 100% used [0x07020000, 0x07460000, 0x07460000)
  to   space 4352K,   0% used [0x07460000, 0x07460000, 0x078a0000)
 tenured generation   total 87424K, used 8685K [0x0f8a0000, 0x14e00000, 0x24e00000)
   the space 87424K,   9% used [0x0f8a0000, 0x1011b6d8, 0x1011b800, 0x14e00000)
 Metaspace       used 11941K, capacity 12261K, committed 12288K, reserved 12672K
Event: 1.001 GC heap after
Heap after GC invocations=3 (full 1):
 def new generation   total 39424K, used 0K [0x04e00000, 0x078c0000, 0x0f8a0000)
  eden space 35072K,   0% used [0x04e00000, 0x04e00000, 0x07040000)
  from space 4352K,   0% used [0x07040000, 0x07040000, 0x07480000)
  to   space 4352K,   0% used [0x07480000, 0x07480000, 0x078c0000)
 tenured generation   total 87424K, used 10969K [0x0f8a0000, 0x14e00000, 0x24e00000)
   the space 87424K,  12% used [0x0f8a0000, 0x103565c0, 0x10356600, 0x14e00000)
 Metaspace       used 11941K, capacity 12261K, committed 12288K, reserved 12672K
}

