# JRE version: Java(TM) SE Runtime Environment (8.0_66-b17) (build 1.8.0_66-b17)
# Java VM: Java HotSpot(TM) Client VM (25.66-b17 mixed mode windows-x86 )
Heap:
 def new generation   total 39296K, used 14298K [0x04e00000, 0x078a0000, 0x0f8a0000)
  eden space 34944K,  28% used [0x04e00000, 0x057b6a40, 0x07020000)
  from space 4352K, 100% used [0x07020000, 0x07460000, 0x07460000)
  to   space 4352K,   0% used [0x07460000, 0x07460000, 0x078a0000)
 tenured generation   total 87424K, used 9082K [0x0f8a0000, 0x14e00000, 0x24e00000)
   the space 87424K,  10% used [0x0f8a0000, 0x1017ea38, 0x1017ec00, 0x14e00000)
 Metaspace       used 11910K, capacity 12227K, committed 12288K, reserved 12672K
GC Heap History (4 events):
Event: 0.419 GC heap before
{Heap before GC invocations=0 (full 0):
 def new generation   total 39296K, used 34944K [0x04e00000, 0x078a0000, 0x0f8a0000)
  eden space 34944K, 100% used [0x04e00000, 0x07020000, 0x07020000)
  from space 4352K,   0% used [0x07020000, 0x07020000, 0x07460000)
  to   space 4352K,   0% used [0x07460000, 0x07460000, 0x078a0000)
 tenured generation   total 87424K, used 0K [0x0f8a0000, 0x14e00000, 0x24e00000)
   the space 87424K,   0% used [0x0f8a0000, 0x0f8a0000, 0x0f8a0200, 0x14e00000)
 Metaspace       used 8072K, capacity 8242K, committed 8320K, reserved 8576K
Event: 0.428 GC heap after
Heap after GC invocations=1 (full 0):
 def new generation   total 39296K, used 4352K [0x04e00000, 0x078a0000, 0x0f8a0000)
  eden space 34944K,   0% used [0x04e00000, 0x04e00000, 0x07020000)
  from space 4352K, 100% used [0x07460000, 0x078a0000, 0x078a0000)
  to   space 4352K,   0% used [0x07020000, 0x07020000, 0x07460000)
 tenured generation   total 87424K, used 1558K [0x0f8a0000, 0x14e00000, 0x24e00000)
   the space 87424K,   1% used [0x0f8a0000, 0x0fa25bd0, 0x0fa25c00, 0x14e00000)
 Metaspace       used 8072K, capacity 8242K, committed 8320K, reserved 8576K
}
Event: 0.758 GC heap before
{Heap before GC invocations=1 (full 0):
 def new generation   total 39296K, used 39296K [0x04e00000, 0x078a0000, 0x0f8a0000)
  eden space 34944K, 100% used [0x04e00000, 0x07020000, 0x07020000)
  from space 4352K, 100% used [0x07460000, 0x078a0000, 0x078a0000)
  to   space 4352K,   0% used [0x07020000, 0x07020000, 0x07460000)
 tenured generation   total 87424K, used 1558K [0x0f8a0000, 0x14e00000, 0x24e00000)
   the space 87424K,   1% used [0x0f8a0000, 0x0fa25bd0, 0x0fa25c00, 0x14e00000)
 Metaspace       used 11541K, capacity 11860K, committed 11904K, reserved 12672K
Event: 0.771 GC heap after
Heap after GC invocations=2 (full 0):
 def new generation   total 39296K, used 4352K [0x04e00000, 0x078a0000, 0x0f8a0000)
  eden space 34944K,   0% used [0x04e00000, 0x04e00000, 0x07020000)
  from space 4352K, 100% used [0x07020000, 0x07460000, 0x07460000)
  to   space 4352K,   0% used [0x07460000, 0x07460000, 0x078a0000)
 tenured generation   total 87424K, used 9082K [0x0f8a0000, 0x14e00000, 0x24e00000)
   the space 87424K,  10% used [0x0f8a0000, 0x1017ea38, 0x1017ec00, 0x14e00000)
 Metaspace       used 11541K, capacity 11860K, committed 11904K, reserved 12672K
}

