# JRE version: Java(TM) SE Runtime Environment (8.0_66-b17) (build 1.8.0_66-b17)
# Java VM: Java HotSpot(TM) Client VM (25.66-b17 mixed mode windows-x86 )
Heap:
 def new generation   total 39424K, used 14565K [0x04400000, 0x06ec0000, 0x0eea0000)
  eden space 35072K,  41% used [0x04400000, 0x052395d0, 0x06640000)
  from space 4352K,   0% used [0x06640000, 0x06640000, 0x06a80000)
  to   space 4352K,   0% used [0x06a80000, 0x06a80000, 0x06ec0000)
 tenured generation   total 87424K, used 10990K [0x0eea0000, 0x14400000, 0x24400000)
   the space 87424K,  12% used [0x0eea0000, 0x0f95bb08, 0x0f95bc00, 0x14400000)
 Metaspace       used 14052K, capacity 14419K, committed 14464K, reserved 14720K
GC Heap History (6 events):
Event: 0.442 GC heap before
{Heap before GC invocations=0 (full 0):
 def new generation   total 39296K, used 34944K [0x04400000, 0x06ea0000, 0x0eea0000)
  eden space 34944K, 100% used [0x04400000, 0x06620000, 0x06620000)
  from space 4352K,   0% used [0x06620000, 0x06620000, 0x06a60000)
  to   space 4352K,   0% used [0x06a60000, 0x06a60000, 0x06ea0000)
 tenured generation   total 87424K, used 0K [0x0eea0000, 0x14400000, 0x24400000)
   the space 87424K,   0% used [0x0eea0000, 0x0eea0000, 0x0eea0200, 0x14400000)
 Metaspace       used 8151K, capacity 8338K, committed 8448K, reserved 8576K
Event: 0.453 GC heap after
Heap after GC invocations=1 (full 0):
 def new generation   total 39296K, used 4352K [0x04400000, 0x06ea0000, 0x0eea0000)
  eden space 34944K,   0% used [0x04400000, 0x04400000, 0x06620000)
  from space 4352K, 100% used [0x06a60000, 0x06ea0000, 0x06ea0000)
  to   space 4352K,   0% used [0x06620000, 0x06620000, 0x06a60000)
 tenured generation   total 87424K, used 1734K [0x0eea0000, 0x14400000, 0x24400000)
   the space 87424K,   1% used [0x0eea0000, 0x0f051800, 0x0f051800, 0x14400000)
 Metaspace       used 8151K, capacity 8338K, committed 8448K, reserved 8576K
}
Event: 0.810 GC heap before
{Heap before GC invocations=1 (full 0):
 def new generation   total 39296K, used 39296K [0x04400000, 0x06ea0000, 0x0eea0000)
  eden space 34944K, 100% used [0x04400000, 0x06620000, 0x06620000)
  from space 4352K, 100% used [0x06a60000, 0x06ea0000, 0x06ea0000)
  to   space 4352K,   0% used [0x06620000, 0x06620000, 0x06a60000)
 tenured generation   total 87424K, used 1734K [0x0eea0000, 0x14400000, 0x24400000)
   the space 87424K,   1% used [0x0eea0000, 0x0f051800, 0x0f051800, 0x14400000)
 Metaspace       used 11540K, capacity 11857K, committed 11904K, reserved 12672K
Event: 0.824 GC heap after
Heap after GC invocations=2 (full 0):
 def new generation   total 39296K, used 4352K [0x04400000, 0x06ea0000, 0x0eea0000)
  eden space 34944K,   0% used [0x04400000, 0x04400000, 0x06620000)
  from space 4352K, 100% used [0x06620000, 0x06a60000, 0x06a60000)
  to   space 4352K,   0% used [0x06a60000, 0x06a60000, 0x06ea0000)
 tenured generation   total 87424K, used 8773K [0x0eea0000, 0x14400000, 0x24400000)
   the space 87424K,  10% used [0x0eea0000, 0x0f731478, 0x0f731600, 0x14400000)
 Metaspace       used 11540K, capacity 11857K, committed 11904K, reserved 12672K
}
Event: 0.981 GC heap before
{Heap before GC invocations=2 (full 0):
 def new generation   total 39296K, used 12370K [0x04400000, 0x06ea0000, 0x0eea0000)
  eden space 34944K,  22% used [0x04400000, 0x04bd4ab8, 0x06620000)
  from space 4352K, 100% used [0x06620000, 0x06a60000, 0x06a60000)
  to   space 4352K,   0% used [0x06a60000, 0x06a60000, 0x06ea0000)
 tenured generation   total 87424K, used 8773K [0x0eea0000, 0x14400000, 0x24400000)
   the space 87424K,  10% used [0x0eea0000, 0x0f731478, 0x0f731600, 0x14400000)
 Metaspace       used 11940K, capacity 12261K, committed 12288K, reserved 12672K
Event: 1.000 GC heap after
Heap after GC invocations=3 (full 1):
 def new generation   total 39424K, used 0K [0x04400000, 0x06ec0000, 0x0eea0000)
  eden space 35072K,   0% used [0x04400000, 0x04400000, 0x06640000)
  from space 4352K,   0% used [0x06640000, 0x06640000, 0x06a80000)
  to   space 4352K,   0% used [0x06a80000, 0x06a80000, 0x06ec0000)
 tenured generation   total 87424K, used 10990K [0x0eea0000, 0x14400000, 0x24400000)
   the space 87424K,  12% used [0x0eea0000, 0x0f95bb08, 0x0f95bc00, 0x14400000)
 Metaspace       used 11940K, capacity 12261K, committed 12288K, reserved 12672K
}

